<?xml version="1.0" encoding="UTF-8"?>
<!-- Generated by org.testng.reporters.JUnitXMLReporter -->
<testsuite ignored="4" hostname="DESKTOP-U2QV9TM" failures="0" tests="2" name="Test123" time="0.008" errors="0" timestamp="2023-01-27T11:20:36 IST">
  <testcase classname="TestNg.PraticeTestNg" name="testB" time="0.001"/>
  <testcase classname="TestNg.PraticeTest2" name="test1" time="0.001"/>
  <testcase classname="TestNg.PraticeTest2" name="test2" time="0.0">
    <ignored/>
  </testcase> <!-- test2 -->
  <testcase classname="TestNg.PraticeTest2" name="test3" time="0.0">
    <ignored/>
  </testcase> <!-- test3 -->
  <testcase classname="TestNg.PraticeTestNg" name="testC" time="0.0">
    <ignored/>
  </testcase> <!-- testC -->
  <testcase classname="TestNg.PraticeTestNg" name="testA" time="0.0">
    <ignored/>
  </testcase> <!-- testA -->
</testsuite> <!-- Test123 -->
